# JRE version: Java(TM) SE Runtime Environment (8.0_91-b14) (build 1.8.0_91-b14)
# Java VM: Java HotSpot(TM) 64-Bit Server VM (25.91-b14 mixed mode windows-amd64 compressed oops)
Heap:
 PSYoungGen      total 211456K, used 186060K [0x000000076ab00000, 0x000000077a680000, 0x00000007c0000000)
  eden space 165376K, 84% used [0x000000076ab00000,0x00000007733ba1c0,0x0000000774c80000)
  from space 46080K, 99% used [0x0000000777980000,0x000000077a679148,0x000000077a680000)
  to   space 33280K, 0% used [0x0000000775080000,0x0000000775080000,0x0000000777100000)
 ParOldGen       total 196608K, used 96536K [0x00000006c0000000, 0x00000006cc000000, 0x000000076ab00000)
  object space 196608K, 49% used [0x00000006c0000000,0x00000006c5e46370,0x00000006cc000000)
 Metaspace       used 51495K, capacity 54252K, committed 54528K, reserved 1095680K
  class space    used 6803K, capacity 7671K, committed 7680K, reserved 1048576K
GC Heap History (10 events):
Event: 19.647 GC heap before
{Heap before GC invocations=10 (full 2):
 PSYoungGen      total 142848K, used 137153K [0x000000076ab00000, 0x0000000777180000, 0x00000007c0000000)
  eden space 122368K, 100% used [0x000000076ab00000,0x0000000772280000,0x0000000772280000)
  from space 20480K, 72% used [0x0000000772280000,0x00000007730f07e8,0x0000000773680000)
  to   space 22016K, 0% used [0x0000000775c00000,0x0000000775c00000,0x0000000777180000)
 ParOldGen       total 196608K, used 24425K [0x00000006c0000000, 0x00000006cc000000, 0x000000076ab00000)
  object space 196608K, 12% used [0x00000006c0000000,0x00000006c17da698,0x00000006cc000000)
 Metaspace       used 41738K, capacity 43654K, committed 43776K, reserved 1087488K
  class space    used 5659K, capacity 6330K, committed 6400K, reserved 1048576K
Event: 19.664 GC heap after
Heap after GC invocations=10 (full 2):
 PSYoungGen      total 176128K, used 21986K [0x000000076ab00000, 0x0000000777c00000, 0x00000007c0000000)
  eden space 154112K, 0% used [0x000000076ab00000,0x000000076ab00000,0x0000000774180000)
  from space 22016K, 99% used [0x0000000775c00000,0x0000000777178a90,0x0000000777180000)
  to   space 27136K, 0% used [0x0000000774180000,0x0000000774180000,0x0000000775c00000)
 ParOldGen       total 196608K, used 27121K [0x00000006c0000000, 0x00000006cc000000, 0x000000076ab00000)
  object space 196608K, 13% used [0x00000006c0000000,0x00000006c1a7c478,0x00000006cc000000)
 Metaspace       used 41738K, capacity 43654K, committed 43776K, reserved 1087488K
  class space    used 5659K, capacity 6330K, committed 6400K, reserved 1048576K
}
Event: 38.409 GC heap before
{Heap before GC invocations=11 (full 2):
 PSYoungGen      total 176128K, used 176098K [0x000000076ab00000, 0x0000000777c00000, 0x00000007c0000000)
  eden space 154112K, 100% used [0x000000076ab00000,0x0000000774180000,0x0000000774180000)
  from space 22016K, 99% used [0x0000000775c00000,0x0000000777178a90,0x0000000777180000)
  to   space 27136K, 0% used [0x0000000774180000,0x0000000774180000,0x0000000775c00000)
 ParOldGen       total 196608K, used 27121K [0x00000006c0000000, 0x00000006cc000000, 0x000000076ab00000)
  object space 196608K, 13% used [0x00000006c0000000,0x00000006c1a7c478,0x00000006cc000000)
 Metaspace       used 43703K, capacity 46066K, committed 46336K, reserved 1089536K
  class space    used 5936K, capacity 6638K, committed 6656K, reserved 1048576K
Event: 38.430 GC heap after
Heap after GC invocations=11 (full 2):
 PSYoungGen      total 181248K, used 27122K [0x000000076ab00000, 0x0000000779c00000, 0x00000007c0000000)
  eden space 154112K, 0% used [0x000000076ab00000,0x000000076ab00000,0x0000000774180000)
  from space 27136K, 99% used [0x0000000774180000,0x0000000775bfc9b0,0x0000000775c00000)
  to   space 34304K, 0% used [0x0000000777a80000,0x0000000777a80000,0x0000000779c00000)
 ParOldGen       total 196608K, used 33718K [0x00000006c0000000, 0x00000006cc000000, 0x000000076ab00000)
  object space 196608K, 17% used [0x00000006c0000000,0x00000006c20eda20,0x00000006cc000000)
 Metaspace       used 43703K, capacity 46066K, committed 46336K, reserved 1089536K
  class space    used 5936K, capacity 6638K, committed 6656K, reserved 1048576K
}
Event: 59.293 GC heap before
{Heap before GC invocations=12 (full 2):
 PSYoungGen      total 181248K, used 181234K [0x000000076ab00000, 0x0000000779c00000, 0x00000007c0000000)
  eden space 154112K, 100% used [0x000000076ab00000,0x0000000774180000,0x0000000774180000)
  from space 27136K, 99% used [0x0000000774180000,0x0000000775bfc9b0,0x0000000775c00000)
  to   space 34304K, 0% used [0x0000000777a80000,0x0000000777a80000,0x0000000779c00000)
 ParOldGen       total 196608K, used 33718K [0x00000006c0000000, 0x00000006cc000000, 0x000000076ab00000)
  object space 196608K, 17% used [0x00000006c0000000,0x00000006c20eda20,0x00000006cc000000)
 Metaspace       used 44093K, capacity 46554K, committed 46720K, reserved 1089536K
  class space    used 5977K, capacity 6692K, committed 6784K, reserved 1048576K
Event: 59.319 GC heap after
Heap after GC invocations=12 (full 2):
 PSYoungGen      total 203776K, used 34274K [0x000000076ab00000, 0x000000077a980000, 0x00000007c0000000)
  eden space 169472K, 0% used [0x000000076ab00000,0x000000076ab00000,0x0000000775080000)
  from space 34304K, 99% used [0x0000000777a80000,0x0000000779bf8bc0,0x0000000779c00000)
  to   space 43008K, 0% used [0x0000000775080000,0x0000000775080000,0x0000000777a80000)
 ParOldGen       total 196608K, used 42322K [0x00000006c0000000, 0x00000006cc000000, 0x000000076ab00000)
  object space 196608K, 21% used [0x00000006c0000000,0x00000006c2954998,0x00000006cc000000)
 Metaspace       used 44093K, capacity 46554K, committed 46720K, reserved 1089536K
  class space    used 5977K, capacity 6692K, committed 6784K, reserved 1048576K
}
Event: 186.168 GC heap before
{Heap before GC invocations=13 (full 2):
 PSYoungGen      total 203776K, used 203730K [0x000000076ab00000, 0x000000077a980000, 0x00000007c0000000)
  eden space 169472K, 99% used [0x000000076ab00000,0x000000077507bd08,0x0000000775080000)
  from space 34304K, 99% used [0x0000000777a80000,0x0000000779bf8bc0,0x0000000779c00000)
  to   space 43008K, 0% used [0x0000000775080000,0x0000000775080000,0x0000000777a80000)
 ParOldGen       total 196608K, used 42322K [0x00000006c0000000, 0x00000006cc000000, 0x000000076ab00000)
  object space 196608K, 21% used [0x00000006c0000000,0x00000006c2954998,0x00000006cc000000)
 Metaspace       used 49132K, capacity 51822K, committed 52096K, reserved 1093632K
  class space    used 6651K, capacity 7500K, committed 7552K, reserved 1048576K
Event: 186.203 GC heap after
Heap after GC invocations=13 (full 2):
 PSYoungGen      total 198656K, used 32841K [0x000000076ab00000, 0x000000077a680000, 0x00000007c0000000)
  eden space 165376K, 0% used [0x000000076ab00000,0x000000076ab00000,0x0000000774c80000)
  from space 33280K, 98% used [0x0000000775080000,0x0000000777092708,0x0000000777100000)
  to   space 46080K, 0% used [0x0000000777980000,0x0000000777980000,0x000000077a680000)
 ParOldGen       total 196608K, used 59843K [0x00000006c0000000, 0x00000006cc000000, 0x000000076ab00000)
  object space 196608K, 30% used [0x00000006c0000000,0x00000006c3a70e88,0x00000006cc000000)
 Metaspace       used 49132K, capacity 51822K, committed 52096K, reserved 1093632K
  class space    used 6651K, capacity 7500K, committed 7552K, reserved 1048576K
}
Event: 196.788 GC heap before
{Heap before GC invocations=14 (full 2):
 PSYoungGen      total 198656K, used 198217K [0x000000076ab00000, 0x000000077a680000, 0x00000007c0000000)
  eden space 165376K, 100% used [0x000000076ab00000,0x0000000774c80000,0x0000000774c80000)
  from space 33280K, 98% used [0x0000000775080000,0x0000000777092708,0x0000000777100000)
  to   space 46080K, 0% used [0x0000000777980000,0x0000000777980000,0x000000077a680000)
 ParOldGen       total 196608K, used 59843K [0x00000006c0000000, 0x00000006cc000000, 0x000000076ab00000)
  object space 196608K, 30% used [0x00000006c0000000,0x00000006c3a70e88,0x00000006cc000000)
 Metaspace       used 50348K, capacity 53068K, committed 53248K, reserved 1095680K
  class space    used 6725K, capacity 7575K, committed 7680K, reserved 1048576K
Event: 196.858 GC heap after
Heap after GC invocations=14 (full 2):
 PSYoungGen      total 211456K, used 46052K [0x000000076ab00000, 0x000000077a680000, 0x00000007c0000000)
  eden space 165376K, 0% used [0x000000076ab00000,0x000000076ab00000,0x0000000774c80000)
  from space 46080K, 99% used [0x0000000777980000,0x000000077a679148,0x000000077a680000)
  to   space 33280K, 0% used [0x0000000775080000,0x0000000775080000,0x0000000777100000)
 ParOldGen       total 196608K, used 96536K [0x00000006c0000000, 0x00000006cc000000, 0x000000076ab00000)
  object space 196608K, 49% used [0x00000006c0000000,0x00000006c5e46370,0x00000006cc000000)
 Metaspace       used 50348K, capacity 53068K, committed 53248K, reserved 1095680K
  class space    used 6725K, capacity 7575K, committed 7680K, reserved 1048576K
}

